<?xml version="1.0" encoding="UTF-8"?>
<testsuite xmlns:xsi="http://www.w3.org/2001/XMLSchema-instance" xsi:noNamespaceSchemaLocation="https://maven.apache.org/surefire/maven-surefire-plugin/xsd/surefire-test-report.xsd" name="com.mobiquity.codingevents.controllers.EventControllerTest" time="0.386" tests="8" errors="1" skipped="0" failures="1">
  <properties>
[...]
</properties>
  <testcase name="displayAddTagForm" classname="com.mobiquity.codingevents.controllers.EventControllerTest" time="0.136"/>
  <testcase name="displayEventDetails" classname="com.mobiquity.codingevents.controllers.EventControllerTest" time="0.056">
    <failure message="Status expected:&lt;200&gt; but was:&lt;400&gt;" type="java.lang.AssertionError"><![CDATA[java.lang.AssertionError: Status expected:<200> but was:<400>
	at com.mobiquity.codingevents.controllers.EventControllerTest.displayEventDetails(EventControllerTest.java:112)
]]></failure>
    <system-out><![CDATA[2020-05-18 15:38:12.982  INFO 93559 --- [           main] o.s.mock.web.MockServletContext          : Initializing Spring TestDispatcherServlet ''
2020-05-18 15:38:12.982  INFO 93559 --- [           main] o.s.t.web.servlet.TestDispatcherServlet  : Initializing Servlet ''
2020-05-18 15:38:12.982  INFO 93559 --- [           main] o.s.t.web.servlet.TestDispatcherServlet  : Completed initialization in 0 ms
2020-05-18 15:38:13.019  WARN 93559 --- [           main] .w.s.m.s.DefaultHandlerExceptionResolver : Resolved [org.springframework.web.bind.MissingServletRequestParameterException: Required Integer parameter 'eventId' is not present]
]]></system-out>
  </testcase>
  <testcase name="processDeleteEventsForm" classname="com.mobiquity.codingevents.controllers.EventControllerTest" time="0.025"/>
  <testcase name="displayDeleteEventForm" classname="com.mobiquity.codingevents.controllers.EventControllerTest" time="0.026"/>
  <testcase name="processCreateEventForm" classname="com.mobiquity.codingevents.controllers.EventControllerTest" time="0.097">
    <error message="&#10;Unnecessary stubbings detected.&#10;Clean &amp; maintainable test code requires zero unnecessary code.&#10;Following stubbings are unnecessary (click to navigate to relevant line of code):&#10;  1. -&gt; at com.mobiquity.codingevents.controllers.EventControllerTest.processCreateEventForm(EventControllerTest.java:79)&#10;Please remove unnecessary stubbings or use &apos;lenient&apos; strictness. More info: javadoc for UnnecessaryStubbingException class." type="org.mockito.exceptions.misusing.UnnecessaryStubbingException"><![CDATA[org.mockito.exceptions.misusing.UnnecessaryStubbingException: 

Unnecessary stubbings detected.
Clean & maintainable test code requires zero unnecessary code.
Following stubbings are unnecessary (click to navigate to relevant line of code):
  1. -> at com.mobiquity.codingevents.controllers.EventControllerTest.processCreateEventForm(EventControllerTest.java:79)
Please remove unnecessary stubbings or use 'lenient' strictness. More info: javadoc for UnnecessaryStubbingException class.
]]></error>
    <system-out><![CDATA[2020-05-18 15:38:13.098  INFO 93559 --- [           main] o.s.mock.web.MockServletContext          : Initializing Spring TestDispatcherServlet ''
2020-05-18 15:38:13.099  INFO 93559 --- [           main] o.s.t.web.servlet.TestDispatcherServlet  : Initializing Servlet ''
2020-05-18 15:38:13.099  INFO 93559 --- [           main] o.s.t.web.servlet.TestDispatcherServlet  : Completed initialization in 0 ms
]]></system-out>
  </testcase>
  <testcase name="processAddTagForm" classname="com.mobiquity.codingevents.controllers.EventControllerTest" time="0.013"/>
  <testcase name="displayCreateEventForm" classname="com.mobiquity.codingevents.controllers.EventControllerTest" time="0.011"/>
  <testcase name="displayEvents" classname="com.mobiquity.codingevents.controllers.EventControllerTest" time="0.018"/>
</testsuite>